  aes.cpp
E:\Workspace\VsProjects\AES加密\aes.cpp(461,26): warning C4267:  “初始化”: 从“size_t”转换到“int”，可能丢失数据
  AES加密.cpp
E:\Workspace\VsProjects\AES加密\aes.cpp(646,22): warning C4267:  “=”: 从“size_t”转换到“int”，可能丢失数据
E:\Workspace\VsProjects\AES加密\AES加密.cpp(44,21): warning C4267:  “=”: 从“size_t”转换到“int”，可能丢失数据
E:\Workspace\VsProjects\AES加密\AES加密.cpp(64,1): error C4996:  'fopen': This function or variable may be unsafe. Consider using fopen_s instead. To disable deprecation, use _CRT_SECURE_NO_WARNINGS. See online help for details.
C:\Program Files (x86)\Windows Kits\10\Include\10.0.17763.0\ucrt\stdio.h(208): message :  参见“fopen”的声明
E:\Workspace\VsProjects\AES加密\AES加密.cpp(85,14): warning C4473:  “scanf_s”: 没有为格式字符串传递足够的参数
E:\Workspace\VsProjects\AES加密\AES加密.cpp(85,14): message :  占位符和其参数预计 2 可变参数，但提供的却是 1 参数
E:\Workspace\VsProjects\AES加密\AES加密.cpp(85,14): message :  缺失的可变参数 2 为格式字符串“%s”所需
E:\Workspace\VsProjects\AES加密\AES加密.cpp(85,14): message :  此参数用作缓冲区大小
E:\Workspace\VsProjects\AES加密\AES加密.cpp(97,1): error C4996:  'fopen': This function or variable may be unsafe. Consider using fopen_s instead. To disable deprecation, use _CRT_SECURE_NO_WARNINGS. See online help for details.
C:\Program Files (x86)\Windows Kits\10\Include\10.0.17763.0\ucrt\stdio.h(208): message :  参见“fopen”的声明
E:\Workspace\VsProjects\AES加密\AES加密.cpp(124,19): warning C4473:  “scanf_s”: 没有为格式字符串传递足够的参数
E:\Workspace\VsProjects\AES加密\AES加密.cpp(124,19): message :  占位符和其参数预计 2 可变参数，但提供的却是 1 参数
E:\Workspace\VsProjects\AES加密\AES加密.cpp(124,19): message :  缺失的可变参数 2 为格式字符串“%s”所需
E:\Workspace\VsProjects\AES加密\AES加密.cpp(124,19): message :  此参数用作缓冲区大小
E:\Workspace\VsProjects\AES加密\AES加密.cpp(143,19): warning C4473:  “scanf_s”: 没有为格式字符串传递足够的参数
E:\Workspace\VsProjects\AES加密\AES加密.cpp(143,19): message :  占位符和其参数预计 2 可变参数，但提供的却是 1 参数
E:\Workspace\VsProjects\AES加密\AES加密.cpp(143,19): message :  缺失的可变参数 2 为格式字符串“%s”所需
E:\Workspace\VsProjects\AES加密\AES加密.cpp(143,19): message :  此参数用作缓冲区大小
E:\Workspace\VsProjects\AES加密\AES加密.cpp(146,27): warning C4267:  “初始化”: 从“size_t”转换到“int”，可能丢失数据
E:\Workspace\VsProjects\AES加密\AES加密.cpp(168,21): warning C4267:  “=”: 从“size_t”转换到“int”，可能丢失数据
E:\Workspace\VsProjects\AES加密\AES加密.cpp(184,19): warning C4473:  “scanf_s”: 没有为格式字符串传递足够的参数
E:\Workspace\VsProjects\AES加密\AES加密.cpp(184,19): message :  占位符和其参数预计 2 可变参数，但提供的却是 1 参数
E:\Workspace\VsProjects\AES加密\AES加密.cpp(184,19): message :  缺失的可变参数 2 为格式字符串“%s”所需
  正在生成代码...
E:\Workspace\VsProjects\AES加密\AES加密.cpp(184,19): message :  此参数用作缓冲区大小
